/scratch/john/venvs/py312/lib/python3.12/site-packages/pydantic/_internal/_generate_schema.py:2249: UnsupportedFieldAttributeWarning: The 'repr' attribute with value False was provided to the `Field()` function, which has no effect in the context it was used. 'repr' is field-specific metadata, and can only be attached to a model field using `Annotated` metadata or by assignment. This may have happened because an `Annotated` type alias using the `type` statement was used, or if the `Field()` function was attached to a single member of a union type.
  warnings.warn(
/scratch/john/venvs/py312/lib/python3.12/site-packages/pydantic/_internal/_generate_schema.py:2249: UnsupportedFieldAttributeWarning: The 'frozen' attribute with value True was provided to the `Field()` function, which has no effect in the context it was used. 'frozen' is field-specific metadata, and can only be attached to a model field using `Annotated` metadata or by assignment. This may have happened because an `Annotated` type alias using the `type` statement was used, or if the `Field()` function was attached to a single member of a union type.
  warnings.warn(
Random seed set as 42
[2025-12-16 12:03:43,692][src.utils][INFO] - ======================================================================
[2025-12-16 12:03:43,692][src.utils][INFO] - 🔧 2-HOP SELF-AUGMENTATION ENABLED
[2025-12-16 12:03:43,692][src.utils][INFO] -    Graphs will be augmented with predicted 2-hop edges at test time
[2025-12-16 12:03:43,692][src.utils][INFO] - ======================================================================
[2025-12-16 12:03:43,692][src.utils][INFO] - preprocessed data file loaded from: ../data/rcc8/pickles/train_rcc8.csv_chains_False_fp_bp.pkl
[2025-12-16 12:03:46,988][src.utils][INFO] - Loading SelfAug_Short_EPIGNN_model_epoch_4.pth from checkpoint.
training time taken (seconds): 2.384185791015625e-07
[2025-12-16 12:03:46,989][src.utils][INFO] - Loading SelfAug_Short_EPIGNN_model_epoch_4.pth from checkpoint.
[2025-12-16 12:03:46,990][src.utils][INFO] - 
======================================================================
[2025-12-16 12:03:46,990][src.utils][INFO] - 🧪 Running tests with 2-hop self-augmentation...
[2025-12-16 12:03:46,990][src.utils][INFO] - ======================================================================
[2025-12-16 12:04:49,941][src.utils][INFO] -   Augmented with avg 4.1 2-hop edges per query
(5, 1): 0.98703125
[2025-12-16 12:05:59,282][src.utils][INFO] -   Augmented with avg 7.7 2-hop edges per query
(5, 2): 0.971875
[2025-12-16 12:07:16,543][src.utils][INFO] -   Augmented with avg 11.4 2-hop edges per query
(5, 3): 0.94828125
[2025-12-16 12:08:43,390][src.utils][INFO] -   Augmented with avg 15.1 2-hop edges per query
(5, 4): 0.93078125
[2025-12-16 12:09:45,636][src.utils][INFO] -   Augmented with avg 3.7 2-hop edges per query
(6, 1): 0.9934375
[2025-12-16 12:10:54,267][src.utils][INFO] -   Augmented with avg 7.0 2-hop edges per query
(6, 2): 0.97390625
[2025-12-16 12:12:10,636][src.utils][INFO] -   Augmented with avg 10.3 2-hop edges per query
(6, 3): 0.9478125
[2025-12-16 12:13:34,992][src.utils][INFO] -   Augmented with avg 13.7 2-hop edges per query
(6, 4): 0.92859375
[2025-12-16 12:14:39,074][src.utils][INFO] -   Augmented with avg 4.1 2-hop edges per query
(7, 1): 0.98765625
[2025-12-16 12:15:49,624][src.utils][INFO] -   Augmented with avg 7.6 2-hop edges per query
(7, 2): 0.9575
[2025-12-16 12:17:10,226][src.utils][INFO] -   Augmented with avg 11.2 2-hop edges per query
(7, 3): 0.92234375
[2025-12-16 12:18:41,144][src.utils][INFO] -   Augmented with avg 15.0 2-hop edges per query
(7, 4): 0.90515625
[2025-12-16 12:19:44,668][src.utils][INFO] -   Augmented with avg 3.8 2-hop edges per query
(8, 1): 0.97890625
[2025-12-16 12:20:54,514][src.utils][INFO] -   Augmented with avg 7.1 2-hop edges per query
(8, 2): 0.91796875
[2025-12-16 12:22:13,691][src.utils][INFO] -   Augmented with avg 10.5 2-hop edges per query
(8, 3): 0.89796875
[2025-12-16 12:23:42,985][src.utils][INFO] -   Augmented with avg 13.9 2-hop edges per query
(8, 4): 0.864375
{'(5, 1)': 0.98703125, '(5, 2)': 0.971875, '(5, 3)': 0.94828125, '(5, 4)': 0.93078125, '(6, 1)': 0.9934375, '(6, 2)': 0.97390625, '(6, 3)': 0.9478125, '(6, 4)': 0.92859375, '(7, 1)': 0.98765625, '(7, 2)': 0.9575, '(7, 3)': 0.92234375, '(7, 4)': 0.90515625, '(8, 1)': 0.97890625, '(8, 2)': 0.91796875, '(8, 3)': 0.89796875, '(8, 4)': 0.864375}
inference time taken (seconds): 1195.9957118034363
